[12:58:24] [Server thread/INFO]: Starting minecraft server version 1.10
[12:58:24] [Server thread/INFO]: Loading properties
[12:58:24] [Server thread/INFO]: Default game type: SURVIVAL
[12:58:24] [Server thread/INFO]: Generating keypair
[12:58:24] [Server thread/INFO]: Starting Minecraft server on *:25565
[12:58:24] [Server thread/INFO]: Using epoll channel type
[12:58:24] [Server thread/WARN]: **** SERVER IS RUNNING IN OFFLINE/INSECURE MODE!
[12:58:24] [Server thread/WARN]: The server will make no attempt to authenticate usernames. Beware.
[12:58:24] [Server thread/WARN]: While this makes the game possible to play without internet access, it also opens up the ability for hackers to connect with any username they choose.
[12:58:24] [Server thread/WARN]: To change this, set "online-mode" to "true" in the server.properties file.
[12:58:24] [Server thread/WARN]: Failed to load user banlist: 
java.io.FileNotFoundException: banned-players.json (No such file or directory)
	at java.io.FileInputStream.open0(Native Method) ~[?:1.8.0_91]
	at java.io.FileInputStream.open(FileInputStream.java:195) ~[?:1.8.0_91]
	at java.io.FileInputStream.<init>(FileInputStream.java:138) ~[?:1.8.0_91]
	at com.google.common.io.Files.newReader(Files.java:86) ~[server.jar:?]
	at mt.g(SourceFile:136) ~[server.jar:?]
	at lc.z(SourceFile:99) [server.jar:?]
	at lc.<init>(SourceFile:25) [server.jar:?]
	at ld.j(SourceFile:185) [server.jar:?]
	at net.minecraft.server.MinecraftServer.run(SourceFile:428) [server.jar:?]
	at java.lang.Thread.run(Thread.java:745) [?:1.8.0_91]
[12:58:24] [Server thread/WARN]: Failed to load ip banlist: 
java.io.FileNotFoundException: banned-ips.json (No such file or directory)
	at java.io.FileInputStream.open0(Native Method) ~[?:1.8.0_91]
	at java.io.FileInputStream.open(FileInputStream.java:195) ~[?:1.8.0_91]
	at java.io.FileInputStream.<init>(FileInputStream.java:138) ~[?:1.8.0_91]
	at com.google.common.io.Files.newReader(Files.java:86) ~[server.jar:?]
	at mt.g(SourceFile:136) ~[server.jar:?]
	at lc.y(SourceFile:91) [server.jar:?]
	at lc.<init>(SourceFile:27) [server.jar:?]
	at ld.j(SourceFile:185) [server.jar:?]
	at net.minecraft.server.MinecraftServer.run(SourceFile:428) [server.jar:?]
	at java.lang.Thread.run(Thread.java:745) [?:1.8.0_91]
[12:58:24] [Server thread/INFO]: Preparing level "world"
[12:58:24] [Server thread/INFO]: Preparing start region for level 0
[12:58:25] [Server thread/INFO]: Preparing spawn area: 6%
[12:58:26] [Server thread/INFO]: Preparing spawn area: 42%
[12:58:27] [Server thread/INFO]: Preparing spawn area: 69%
[12:58:28] [Server thread/INFO]: Done (3.865s)! For help, type "help" or "?"
[12:58:48] [Server thread/INFO]: Unknown command. Try /help for a list of commands
[12:58:51] [Server thread/INFO]: Unknown command. Try /help for a list of commands
[13:20:38] [Server thread/INFO]: --- Showing help page 1 of 9 (/help <page>) ---
[13:20:38] [Server thread/INFO]: /achievement <give|take> <name|*> [player]
[13:20:38] [Server thread/INFO]: /ban <name> [reason ...]
[13:20:38] [Server thread/INFO]: /ban-ip <address|name> [reason ...]
[13:20:38] [Server thread/INFO]: /banlist [ips|players]
[13:20:38] [Server thread/INFO]: /blockdata <x> <y> <z> <dataTag>
[13:20:38] [Server thread/INFO]: /clear [player] [item] [data] [maxCount] [dataTag]
[13:20:38] [Server thread/INFO]: /clone <x1> <y1> <z1> <x2> <y2> <z2> <x> <y> <z> [maskMode] [cloneMode]
[15:20:40] [Server console handler/ERROR]: Exception handling console input
java.io.IOException: Input/output error
	at java.io.FileInputStream.readBytes(Native Method) ~[?:1.8.0_91]
	at java.io.FileInputStream.read(FileInputStream.java:255) ~[?:1.8.0_91]
	at java.io.BufferedInputStream.read1(BufferedInputStream.java:284) ~[?:1.8.0_91]
	at java.io.BufferedInputStream.read(BufferedInputStream.java:345) ~[?:1.8.0_91]
	at sun.nio.cs.StreamDecoder.readBytes(StreamDecoder.java:284) ~[?:1.8.0_91]
	at sun.nio.cs.StreamDecoder.implRead(StreamDecoder.java:326) ~[?:1.8.0_91]
	at sun.nio.cs.StreamDecoder.read(StreamDecoder.java:178) ~[?:1.8.0_91]
	at java.io.InputStreamReader.read(InputStreamReader.java:184) ~[?:1.8.0_91]
	at java.io.BufferedReader.fill(BufferedReader.java:161) ~[?:1.8.0_91]
	at java.io.BufferedReader.readLine(BufferedReader.java:324) ~[?:1.8.0_91]
	at java.io.BufferedReader.readLine(BufferedReader.java:389) ~[?:1.8.0_91]
	at ld$2.run(SourceFile:95) [server.jar:?]
[15:20:40] [Server Shutdown Thread/INFO]: Stopping server
